0 info it worked if it ends with ok
1 verbose cli [ '/usr/bin/nodejs', '/usr/bin/npm', 'publish' ]
2 info using npm@2.15.5
3 info using node@v4.4.5
4 verbose publish [ '.' ]
5 silly cache add args [ '.', null ]
6 verbose cache add spec .
7 silly cache add parsed spec Result {
7 silly cache add   raw: '.',
7 silly cache add   scope: null,
7 silly cache add   name: null,
7 silly cache add   rawSpec: '.',
7 silly cache add   spec: '/home/xhad/code/okcoin-china',
7 silly cache add   type: 'directory' }
8 verbose addLocalDirectory /home/xhad/.npm/okcoin-china/0.0.1/package.tgz not in flight; packing
9 verbose correctMkdir /home/xhad/.npm correctMkdir not in flight; initializing
10 verbose tar pack [ '/home/xhad/.npm/okcoin-china/0.0.1/package.tgz',
10 verbose tar pack   '/home/xhad/code/okcoin-china' ]
11 verbose tarball /home/xhad/.npm/okcoin-china/0.0.1/package.tgz
12 verbose folder /home/xhad/code/okcoin-china
13 info prepublish okcoin-china@0.0.1
14 verbose addLocalTarball adding from inside cache /home/xhad/.npm/okcoin-china/0.0.1/package.tgz
15 verbose correctMkdir /home/xhad/.npm correctMkdir not in flight; initializing
16 silly cache afterAdd okcoin-china@0.0.1
17 verbose afterAdd /home/xhad/.npm/okcoin-china/0.0.1/package/package.json not in flight; writing
18 verbose correctMkdir /home/xhad/.npm correctMkdir not in flight; initializing
19 verbose afterAdd /home/xhad/.npm/okcoin-china/0.0.1/package/package.json written
20 silly publish { name: 'okcoin-china',
20 silly publish   version: '0.0.1',
20 silly publish   description: 'Nodejs API wrapper for OKCoin China',
20 silly publish   main: 'okcoin.js',
20 silly publish   dependencies:
20 silly publish    { request: '~2.67.0',
20 silly publish      underscore: '~1.8.3',
20 silly publish      crypto: '~0.0.3',
20 silly publish      verror: '~1.6.0',
20 silly publish      MD5: '~1.3.0' },
20 silly publish   keywords: [ 'OKCoin', 'China', 'api', 'exchange', 'bitcoin' ],
20 silly publish   repository:
20 silly publish    { type: 'git',
20 silly publish      url: 'git+https://github.com/xhad/okcoin-china.git' },
20 silly publish   author: { name: 'Chad Lynch' },
20 silly publish   license: 'MIT',
20 silly publish   bugs: { url: 'https://github.com/xhad/okcoin-china/issues' },
20 silly publish   homepage: 'https://github.com/xhad/okcoin-china#readme',
20 silly publish   _id: 'okcoin-china@0.0.1',
20 silly publish   scripts: {},
20 silly publish   _from: '.',
20 silly publish   _npmVersion: '2.14.2',
20 silly publish   _nodeVersion: '4.0.0',
20 silly publish   _npmUser: { name: 'xhad', email: 'clynch33@gmail.com' },
20 silly publish   readme: '# OKCoin China API Wrapper\n',
20 silly publish   readmeFilename: 'README.md',
20 silly publish   gitHead: '35d66d01f7ec855776cdcfe5be8ab6ff88e71561',
20 silly publish   _shasum: '7bbaaa10b444c293b6c22a4f0a0fb58b966fa988' }
21 verbose getPublishConfig undefined
22 silly mapToRegistry name okcoin-china
23 silly mapToRegistry using default registry
24 silly mapToRegistry registry https://registry.npmjs.org/
25 silly mapToRegistry data Result {
25 silly mapToRegistry   raw: 'okcoin-china',
25 silly mapToRegistry   scope: null,
25 silly mapToRegistry   name: 'okcoin-china',
25 silly mapToRegistry   rawSpec: '',
25 silly mapToRegistry   spec: 'latest',
25 silly mapToRegistry   type: 'tag' }
26 silly mapToRegistry uri https://registry.npmjs.org/okcoin-china
27 verbose publish registryBase https://registry.npmjs.org/
28 silly publish uploading /home/xhad/.npm/okcoin-china/0.0.1/package.tgz
29 verbose request uri https://registry.npmjs.org/okcoin-china
30 verbose request sending authorization for write operation
31 info attempt registry request try #1 at 1:27:01 AM
32 verbose request using bearer token for auth
33 verbose request id 17449b6b444c0d49
34 http request PUT https://registry.npmjs.org/okcoin-china
35 http 403 https://registry.npmjs.org/okcoin-china
36 verbose headers { 'content-type': 'application/json',
36 verbose headers   'cache-control': 'max-age=300',
36 verbose headers   'content-length': '95',
36 verbose headers   'accept-ranges': 'bytes',
36 verbose headers   date: 'Mon, 27 Jun 2016 16:27:02 GMT',
36 verbose headers   via: '1.1 varnish',
36 verbose headers   connection: 'keep-alive',
36 verbose headers   'x-served-by': 'cache-nrt6122-NRT',
36 verbose headers   'x-cache': 'MISS',
36 verbose headers   'x-cache-hits': '0',
36 verbose headers   'x-timer': 'S1467044821.639714,VS0,VE447',
36 verbose headers   vary: 'Accept-Encoding' }
37 verbose request invalidating /home/xhad/.npm/registry.npmjs.org/okcoin-china on PUT
38 error publish Failed PUT 403
39 verbose stack Error: "You cannot publish over the previously published version 0.0.1." : okcoin-china
39 verbose stack     at makeError (/usr/lib/node_modules/npm/node_modules/npm-registry-client/lib/request.js:264:12)
39 verbose stack     at CachingRegistryClient.<anonymous> (/usr/lib/node_modules/npm/node_modules/npm-registry-client/lib/request.js:252:14)
39 verbose stack     at Request._callback (/usr/lib/node_modules/npm/node_modules/npm-registry-client/lib/request.js:172:14)
39 verbose stack     at Request.self.callback (/usr/lib/node_modules/npm/node_modules/request/request.js:200:22)
39 verbose stack     at emitTwo (events.js:87:13)
39 verbose stack     at Request.emit (events.js:172:7)
39 verbose stack     at Request.<anonymous> (/usr/lib/node_modules/npm/node_modules/request/request.js:1067:10)
39 verbose stack     at emitOne (events.js:82:20)
39 verbose stack     at Request.emit (events.js:169:7)
39 verbose stack     at IncomingMessage.<anonymous> (/usr/lib/node_modules/npm/node_modules/request/request.js:988:12)
40 verbose statusCode 403
41 verbose pkgid okcoin-china
42 verbose cwd /home/xhad/code/okcoin-china
43 error Linux 4.4.0-21-generic
44 error argv "/usr/bin/nodejs" "/usr/bin/npm" "publish"
45 error node v4.4.5
46 error npm  v2.15.5
47 error code E403
48 error "You cannot publish over the previously published version 0.0.1." : okcoin-china
49 error If you need help, you may report this error at:
49 error     <https://github.com/npm/npm/issues>
50 verbose exit [ 1, true ]
